Configuration on demand is an incubating feature.
> Task :app:preBuild UP-TO-DATE
> Task :app:preDebugBuild UP-TO-DATE
> Task :app:checkKotlinGradlePluginConfigurationErrors SKIPPED
> Task :app:generateDebugBuildConfig
> Task :app:checkDebugAarMetadata UP-TO-DATE
> Task :app:generateDebugResValues UP-TO-DATE
> Task :app:injectCrashlyticsMappingFileIdDebug UP-TO-DATE
> Task :app:injectCrashlyticsVersionControlInfoDebug UP-TO-DATE
> Task :app:collectDependencies UP-TO-DATE
> Task :app:prepareLibraryDefinitionsDebug UP-TO-DATE
> Task :app:processDebugGoogleServices UP-TO-DATE
> Task :app:mapDebugSourceSetPaths UP-TO-DATE
> Task :app:generateDebugResources UP-TO-DATE
> Task :app:mergeDebugResources UP-TO-DATE
> Task :app:packageDebugResources UP-TO-DATE
> Task :app:parseDebugLocalResources UP-TO-DATE
> Task :app:createDebugCompatibleScreenManifests UP-TO-DATE
> Task :app:extractDeepLinksDebug UP-TO-DATE
> Task :app:processDebugMainManifest UP-TO-DATE
> Task :app:processDebugManifest UP-TO-DATE
> Task :app:processDebugManifestForPackage UP-TO-DATE
> Task :app:processDebugResources UP-TO-DATE
> Task :app:javaPreCompileDebug UP-TO-DATE
> Task :app:preDebugUnitTestBuild UP-TO-DATE
> Task :app:javaPreCompileDebugUnitTest UP-TO-DATE
> Task :app:preReleaseBuild UP-TO-DATE
> Task :app:buildKotlinToolingMetadata UP-TO-DATE
> Task :app:generateReleaseBuildConfig
> Task :app:compileDebugKotlin
> Task :app:checkReleaseAarMetadata UP-TO-DATE
> Task :app:compileDebugJavaWithJavac
> Task :app:processDebugJavaRes UP-TO-DATE
> Task :app:generateReleaseResValues UP-TO-DATE
> Task :app:injectCrashlyticsMappingFileIdRelease UP-TO-DATE
> Task :app:extractReleaseVersionControlInfo UP-TO-DATE
> Task :app:injectCrashlyticsVersionControlInfoRelease UP-TO-DATE
> Task :app:prepareLibraryDefinitionsRelease UP-TO-DATE
> Task :app:processReleaseGoogleServices UP-TO-DATE
> Task :app:mapReleaseSourceSetPaths UP-TO-DATE
> Task :app:generateReleaseResources UP-TO-DATE
> Task :app:mergeReleaseResources UP-TO-DATE
> Task :app:packageReleaseResources UP-TO-DATE
> Task :app:transformDebugClassesWithAsm
> Task :app:parseReleaseLocalResources UP-TO-DATE
> Task :app:createReleaseCompatibleScreenManifests UP-TO-DATE
> Task :app:extractDeepLinksRelease UP-TO-DATE
> Task :app:processReleaseMainManifest UP-TO-DATE
> Task :app:processReleaseManifest UP-TO-DATE
> Task :app:processReleaseManifestForPackage UP-TO-DATE
> Task :app:bundleDebugClassesToCompileJar
> Task :app:processReleaseResources UP-TO-DATE
> Task :app:compileDebugUnitTestKotlin NO-SOURCE
> Task :app:bundleDebugClassesToRuntimeJar
> Task :app:compileDebugUnitTestJavaWithJavac UP-TO-DATE
> Task :app:processDebugUnitTestJavaRes UP-TO-DATE

> Task :app:testDebugUnitTest FAILED

LatLonTest > testOSGBGridReferenceGeneration FAILED
    java.lang.AssertionError at LatLonTest.java:57

28 tests completed, 1 failed

> Task :app:javaPreCompileRelease UP-TO-DATE
> Task :app:preReleaseUnitTestBuild UP-TO-DATE
> Task :app:javaPreCompileReleaseUnitTest UP-TO-DATE
> Task :app:compileReleaseKotlin
> Task :app:compileReleaseJavaWithJavac
> Task :app:processReleaseJavaRes UP-TO-DATE
> Task :app:transformReleaseClassesWithAsm
> Task :app:bundleReleaseClassesToCompileJar
> Task :app:compileReleaseUnitTestKotlin NO-SOURCE
> Task :app:bundleReleaseClassesToRuntimeJar
> Task :app:compileReleaseUnitTestJavaWithJavac
> Task :app:processReleaseUnitTestJavaRes

> Task :app:testReleaseUnitTest FAILED

LatLonTest > testOSGBGridReferenceGeneration FAILED
    java.lang.AssertionError at LatLonTest.java:57

28 tests completed, 1 failed

[Incubating] Problems report is available at: file:///home/ianh/dev/android/TrigpointingUK/build/reports/problems/problems-report.html

FAILURE: Build completed with 2 failures.

1: Task failed with an exception.
-----------
* What went wrong:
Execution failed for task ':app:testDebugUnitTest'.
> There were failing tests. See the report at: file:///home/ianh/dev/android/TrigpointingUK/app/build/reports/tests/testDebugUnitTest/index.html

* Try:
> Run with --scan to get full insights.
==============================================================================

2: Task failed with an exception.
-----------
* What went wrong:
Execution failed for task ':app:testReleaseUnitTest'.
> There were failing tests. See the report at: file:///home/ianh/dev/android/TrigpointingUK/app/build/reports/tests/testReleaseUnitTest/index.html

* Try:
> Run with --scan to get full insights.
==============================================================================

Deprecated Gradle features were used in this build, making it incompatible with Gradle 9.0.

You can use '--warning-mode all' to show the individual deprecation warnings and determine if they come from your own scripts or plugins.

For more on this, please refer to https://docs.gradle.org/8.13/userguide/command_line_interface.html#sec:command_line_warnings in the Gradle documentation.

BUILD FAILED in 3s
61 actionable tasks: 16 executed, 45 up-to-date
